<?xml version="1.0" encoding="UTF-8"?>
<!-- Generated by org.testng.reporters.JUnitReportReporter -->
<testsuite hostname="LAPTOP-K88R6NSI" failures="0" tests="3" name="TestLayer.LoginPage" time="34.462" errors="0" timestamp="2023-07-10T13:01:06 IST" skipped="0">
  <testcase classname="TestLayer.LoginPage" name="AllInfo" time="14.899"/>
  <system-out/>
  <testcase classname="TestLayer.LoginPage" name="AllInfo" time="9.670"/>
  <system-out/>
  <testcase classname="TestLayer.LoginPage" name="AllInfo" time="9.893"/>
  <system-out/>
</testsuite> <!-- TestLayer.LoginPage -->
